<?xml version="1.0" encoding="UTF-8"?>
<!-- Generated by org.testng.reporters.JUnitReportReporter -->
<testsuite hostname="DESKTOP-N054NMB" failures="0" tests="1" name="com.tests.LogDemo" time="47.258" errors="0" timestamp="19 Jun 2022 09:21:43 GMT" skipped="0">
  <testcase classname="com.tests.LogDemo" name="loginParaBank" time="47.258"/>
</testsuite> <!-- com.tests.LogDemo -->
